# ========================================================================
# Simulation started (GMT): 2013-05-09T16:46:29
# ========================================================================
# 0 Photons produced.
# 0 Hits detected.
# Time (ns)	Energy (eV)


# 0 Photons produced.
# 0 Hits detected.
# Time (ns)	Energy (eV)


# 0 Photons produced.
# 0 Hits detected.
# Time (ns)	Energy (eV)


# 0 Photons produced.
# 0 Hits detected.
# Time (ns)	Energy (eV)


# 0 Photons produced.
# 0 Hits detected.
# Time (ns)	Energy (eV)


# 0 Photons produced.
# 0 Hits detected.
# Time (ns)	Energy (eV)


# 0 Photons produced.
# 0 Hits detected.
# Time (ns)	Energy (eV)


# 0 Photons produced.
# 0 Hits detected.
# Time (ns)	Energy (eV)


# 0 Photons produced.
# 0 Hits detected.
# Time (ns)	Energy (eV)


# 0 Photons produced.
# 0 Hits detected.
# Time (ns)	Energy (eV)


